{"/Users/sanylax/LDEV/CSE183/Assignment2/templater.js": {"path":"/Users/sanylax/LDEV/CSE183/Assignment2/templater.js","statementMap":{"0":{"start":{"line":10,"column":4},"end":{"line":10,"column":27}},"1":{"start":{"line":32,"column":4},"end":{"line":34,"column":5}},"2":{"start":{"line":33,"column":6},"end":{"line":33,"column":23}},"3":{"start":{"line":35,"column":15},"end":{"line":35,"column":26}},"4":{"start":{"line":37,"column":13},"end":{"line":37,"column":37}},"5":{"start":{"line":40,"column":16},"end":{"line":40,"column":18}},"6":{"start":{"line":42,"column":4},"end":{"line":61,"column":5}},"7":{"start":{"line":43,"column":6},"end":{"line":58,"column":7}},"8":{"start":{"line":44,"column":8},"end":{"line":57,"column":9}},"9":{"start":{"line":46,"column":10},"end":{"line":46,"column":65}},"10":{"start":{"line":48,"column":13},"end":{"line":57,"column":9}},"11":{"start":{"line":49,"column":20},"end":{"line":49,"column":42}},"12":{"start":{"line":50,"column":10},"end":{"line":52,"column":11}},"13":{"start":{"line":51,"column":12},"end":{"line":51,"column":71}},"14":{"start":{"line":53,"column":10},"end":{"line":53,"column":54}},"15":{"start":{"line":56,"column":10},"end":{"line":56,"column":37}},"16":{"start":{"line":80,"column":4},"end":{"line":80,"column":16}},"17":{"start":{"line":85,"column":0},"end":{"line":85,"column":33}},"18":{"start":{"line":87,"column":0},"end":{"line":87,"column":27}}},"fnMap":{"0":{"name":"(anonymous_0)","decl":{"start":{"line":9,"column":2},"end":{"line":9,"column":3}},"loc":{"start":{"line":9,"column":24},"end":{"line":19,"column":3}},"line":9},"1":{"name":"(anonymous_1)","decl":{"start":{"line":30,"column":2},"end":{"line":30,"column":3}},"loc":{"start":{"line":30,"column":21},"end":{"line":81,"column":3}},"line":30}},"branchMap":{"0":{"loc":{"start":{"line":32,"column":4},"end":{"line":34,"column":5}},"type":"if","locations":[{"start":{"line":32,"column":4},"end":{"line":34,"column":5}},{"start":{"line":32,"column":4},"end":{"line":34,"column":5}}],"line":32},"1":{"loc":{"start":{"line":32,"column":7},"end":{"line":32,"column":51}},"type":"binary-expr","locations":[{"start":{"line":32,"column":7},"end":{"line":32,"column":23}},{"start":{"line":32,"column":27},"end":{"line":32,"column":51}}],"line":32},"2":{"loc":{"start":{"line":43,"column":6},"end":{"line":58,"column":7}},"type":"if","locations":[{"start":{"line":43,"column":6},"end":{"line":58,"column":7}},{"start":{"line":43,"column":6},"end":{"line":58,"column":7}}],"line":43},"3":{"loc":{"start":{"line":44,"column":8},"end":{"line":57,"column":9}},"type":"if","locations":[{"start":{"line":44,"column":8},"end":{"line":57,"column":9}},{"start":{"line":44,"column":8},"end":{"line":57,"column":9}}],"line":44},"4":{"loc":{"start":{"line":48,"column":13},"end":{"line":57,"column":9}},"type":"if","locations":[{"start":{"line":48,"column":13},"end":{"line":57,"column":9}},{"start":{"line":48,"column":13},"end":{"line":57,"column":9}}],"line":48},"5":{"loc":{"start":{"line":50,"column":10},"end":{"line":52,"column":11}},"type":"if","locations":[{"start":{"line":50,"column":10},"end":{"line":52,"column":11}},{"start":{"line":50,"column":10},"end":{"line":52,"column":11}}],"line":50},"6":{"loc":{"start":{"line":50,"column":13},"end":{"line":50,"column":42}},"type":"binary-expr","locations":[{"start":{"line":50,"column":13},"end":{"line":50,"column":20}},{"start":{"line":50,"column":24},"end":{"line":50,"column":42}}],"line":50}},"s":{"0":9,"1":9,"2":2,"3":7,"4":7,"5":7,"6":7,"7":15,"8":15,"9":13,"10":2,"11":1,"12":1,"13":1,"14":1,"15":1,"16":6,"17":1,"18":1},"f":{"0":9,"1":9},"b":{"0":[2,7],"1":[9,8],"2":[15,0],"3":[13,2],"4":[1,1],"5":[1,0],"6":[1,1]},"_coverageSchema":"1a1c01bbd47fc00a2c39e90264f33305004495a9","hash":"64c12ba866f6f5578d7e5d2ac9dfcdb9dadd50e0"}
}
