TN:
SF:templater.js
FN:9,(anonymous_0)
FN:30,(anonymous_1)
FNF:2
FNH:2
FNDA:9,(anonymous_0)
FNDA:9,(anonymous_1)
DA:10,9
DA:32,9
DA:33,2
DA:35,7
DA:37,7
DA:40,7
DA:42,7
DA:43,15
DA:44,15
DA:46,13
DA:48,2
DA:49,1
DA:50,1
DA:51,1
DA:53,1
DA:56,1
DA:80,6
DA:85,1
DA:87,1
LF:19
LH:19
BRDA:32,0,0,2
BRDA:32,0,1,7
BRDA:32,1,0,9
BRDA:32,1,1,8
BRDA:43,2,0,15
BRDA:43,2,1,0
BRDA:44,3,0,13
BRDA:44,3,1,2
BRDA:48,4,0,1
BRDA:48,4,1,1
BRDA:50,5,0,1
BRDA:50,5,1,0
BRDA:50,6,0,1
BRDA:50,6,1,1
BRF:14
BRH:12
end_of_record
